Build started 31-05-2019 19:09:02.
     1>Project "C:\Users\Dell\documents\visual studio 2013\Projects\30-5\30-5\30-5.vcxproj" on node 2 (Build target(s)).
     1>ClCompile:
         C:\Program Files (x86)\Microsoft Visual Studio 12.0\VC\bin\CL.exe /c /ZI /nologo /W3 /WX- /sdl /Od /Oy- /D _MBCS /Gm /EHsc /RTC1 /MDd /GS /fp:precise /Zc:wchar_t /Zc:forScope /Fo"Debug\\" /Fd"Debug\vc120.pdb" /Gd /TP /analyze- /errorReport:prompt filesystem_with_blocks.cpp
         filesystem_with_blocks.cpp
     1>c:\users\dell\documents\visual studio 2013\projects\30-5\30-5\filesystem_with_blocks.cpp(119): warning C4018: '<' : signed/unsigned mismatch
     1>c:\users\dell\documents\visual studio 2013\projects\30-5\30-5\filesystem_with_blocks.cpp(129): warning C4244: 'return' : conversion from 'float' to 'int', possible loss of data
     1>c:\users\dell\documents\visual studio 2013\projects\30-5\30-5\filesystem_with_blocks.cpp(135): warning C4018: '<' : signed/unsigned mismatch
     1>c:\users\dell\documents\visual studio 2013\projects\30-5\30-5\filesystem_with_blocks.cpp(181): warning C4018: '<' : signed/unsigned mismatch
     1>c:\users\dell\documents\visual studio 2013\projects\30-5\30-5\filesystem_with_blocks.cpp(217): warning C4018: '<' : signed/unsigned mismatch
     1>c:\users\dell\documents\visual studio 2013\projects\30-5\30-5\filesystem_with_blocks.cpp(232): warning C4018: '<' : signed/unsigned mismatch
     1>c:\users\dell\documents\visual studio 2013\projects\30-5\30-5\filesystem_with_blocks.cpp(253): warning C4018: '<' : signed/unsigned mismatch
     1>c:\users\dell\documents\visual studio 2013\projects\30-5\30-5\filesystem_with_blocks.cpp(149): warning C4715: 'getStartingFreeBlock' : not all control paths return a value
       Link:
         C:\Program Files (x86)\Microsoft Visual Studio 12.0\VC\bin\link.exe /ERRORREPORT:PROMPT /OUT:"C:\Users\Dell\documents\visual studio 2013\Projects\30-5\Debug\30-5.exe" /INCREMENTAL /NOLOGO kernel32.lib user32.lib gdi32.lib winspool.lib comdlg32.lib advapi32.lib shell32.lib ole32.lib oleaut32.lib uuid.lib odbc32.lib odbccp32.lib /MANIFEST /MANIFESTUAC:"level='asInvoker' uiAccess='false'" /manifest:embed /DEBUG /PDB:"C:\Users\Dell\documents\visual studio 2013\Projects\30-5\Debug\30-5.pdb" /TLBID:1 /DYNAMICBASE /NXCOMPAT /IMPLIB:"C:\Users\Dell\documents\visual studio 2013\Projects\30-5\Debug\30-5.lib" /MACHINE:X86 Debug\FileSystem.obj
         Debug\filesystem_with_blocks.obj
         30-5.vcxproj -> C:\Users\Dell\documents\visual studio 2013\Projects\30-5\Debug\30-5.exe
     1>Done Building Project "C:\Users\Dell\documents\visual studio 2013\Projects\30-5\30-5\30-5.vcxproj" (Build target(s)).

Build succeeded.

Time Elapsed 00:00:02.83
